InnoDB: using atomic writes.
2020-11-07 16:46:54 0 [Note] InnoDB: Mutexes and rw_locks use Windows interlocked functions
2020-11-07 16:46:54 0 [Note] InnoDB: Uses event mutexes
2020-11-07 16:46:54 0 [Note] InnoDB: Compressed tables use zlib 1.2.11
2020-11-07 16:46:54 0 [Note] InnoDB: Number of pools: 1
2020-11-07 16:46:54 0 [Note] InnoDB: Using SSE2 crc32 instructions
2020-11-07 16:46:54 0 [Note] InnoDB: Initializing buffer pool, total size = 16M, instances = 1, chunk size = 16M
2020-11-07 16:46:54 0 [Note] InnoDB: Completed initialization of buffer pool
2020-11-07 16:46:54 0 [Note] InnoDB: Starting crash recovery from checkpoint LSN=300288
2020-11-07 16:46:54 0 [Note] InnoDB: 128 out of 128 rollback segments are active.
2020-11-07 16:46:54 0 [Note] InnoDB: Removed temporary tablespace data file: "ibtmp1"
2020-11-07 16:46:54 0 [Note] InnoDB: Creating shared tablespace for temporary tables
2020-11-07 16:46:54 0 [Note] InnoDB: Setting file 'C:\xampp\mysql\data\ibtmp1' size to 12 MB. Physically writing the file full; Please wait ...
2020-11-07 16:46:54 0 [Note] InnoDB: File 'C:\xampp\mysql\data\ibtmp1' size is now 12 MB.
2020-11-07 16:46:54 0 [Note] InnoDB: Waiting for purge to start
2020-11-07 16:46:54 0 [Note] InnoDB: 10.4.14 started; log sequence number 300297; transaction id 171
2020-11-07 16:46:54 0 [Note] InnoDB: Loading buffer pool(s) from C:\xampp\mysql\data\ib_buffer_pool
2020-11-07 16:46:54 0 [Note] Plugin 'FEEDBACK' is disabled.
2020-11-07 16:46:54 0 [Note] Server socket created on IP: '::'.
InnoDB: using atomic writes.
2020-11-10 18:29:34 0 [Note] InnoDB: Mutexes and rw_locks use Windows interlocked functions
2020-11-10 18:29:34 0 [Note] InnoDB: Uses event mutexes
2020-11-10 18:29:34 0 [Note] InnoDB: Compressed tables use zlib 1.2.11
2020-11-10 18:29:34 0 [Note] InnoDB: Number of pools: 1
2020-11-10 18:29:34 0 [Note] InnoDB: Using SSE2 crc32 instructions
2020-11-10 18:29:34 0 [Note] InnoDB: Initializing buffer pool, total size = 16M, instances = 1, chunk size = 16M
2020-11-10 18:29:34 0 [Note] InnoDB: Completed initialization of buffer pool
2020-11-10 18:29:34 0 [Note] InnoDB: Starting crash recovery from checkpoint LSN=300990
2020-11-10 18:29:35 0 [Note] InnoDB: 128 out of 128 rollback segments are active.
2020-11-10 18:29:35 0 [Note] InnoDB: Removed temporary tablespace data file: "ibtmp1"
2020-11-10 18:29:35 0 [Note] InnoDB: Creating shared tablespace for temporary tables
2020-11-10 18:29:35 0 [Note] InnoDB: Setting file 'C:\xampp\mysql\data\ibtmp1' size to 12 MB. Physically writing the file full; Please wait ...
2020-11-10 18:29:35 0 [Note] InnoDB: File 'C:\xampp\mysql\data\ibtmp1' size is now 12 MB.
2020-11-10 18:29:35 0 [Note] InnoDB: Waiting for purge to start
2020-11-10 18:29:35 0 [Note] InnoDB: Waiting for purge to start
2020-11-10 18:29:35 0 [Note] InnoDB: Waiting for purge to start
2020-11-10 18:29:36 0 [Note] InnoDB: Waiting for purge to start
2020-11-10 18:29:36 0 [Note] InnoDB: Waiting for purge to start
2020-11-10 18:29:36 0 [Note] InnoDB: Waiting for purge to start
2020-11-10 18:29:36 0 [Note] InnoDB: Waiting for purge to start
2020-11-10 18:29:36 0 [Note] InnoDB: 10.4.14 started; log sequence number 300999; transaction id 197
2020-11-10 18:29:36 0 [Note] InnoDB: Loading buffer pool(s) from C:\xampp\mysql\data\ib_buffer_pool
2020-11-10 18:29:36 0 [Note] Plugin 'FEEDBACK' is disabled.
2020-11-10 18:29:36 0 [Note] InnoDB: Buffer pool(s) load completed at 201110 18:29:36
2020-11-10 18:29:36 0 [Note] Server socket created on IP: '::'.
InnoDB: using atomic writes.
2020-11-11 18:28:07 0 [Note] InnoDB: Mutexes and rw_locks use Windows interlocked functions
2020-11-11 18:28:07 0 [Note] InnoDB: Uses event mutexes
2020-11-11 18:28:07 0 [Note] InnoDB: Compressed tables use zlib 1.2.11
2020-11-11 18:28:07 0 [Note] InnoDB: Number of pools: 1
2020-11-11 18:28:07 0 [Note] InnoDB: Using SSE2 crc32 instructions
2020-11-11 18:28:07 0 [Note] InnoDB: Initializing buffer pool, total size = 16M, instances = 1, chunk size = 16M
2020-11-11 18:28:07 0 [Note] InnoDB: Completed initialization of buffer pool
2020-11-11 18:28:08 0 [Note] InnoDB: Starting crash recovery from checkpoint LSN=305204
2020-11-11 18:28:08 0 [Note] InnoDB: 128 out of 128 rollback segments are active.
2020-11-11 18:28:08 0 [Note] InnoDB: Removed temporary tablespace data file: "ibtmp1"
2020-11-11 18:28:08 0 [Note] InnoDB: Creating shared tablespace for temporary tables
2020-11-11 18:28:08 0 [Note] InnoDB: Setting file 'C:\xampp\mysql\data\ibtmp1' size to 12 MB. Physically writing the file full; Please wait ...
2020-11-11 18:28:08 0 [Note] InnoDB: File 'C:\xampp\mysql\data\ibtmp1' size is now 12 MB.
2020-11-11 18:28:08 0 [Note] InnoDB: Waiting for purge to start
2020-11-11 18:28:08 0 [Note] InnoDB: Waiting for purge to start
2020-11-11 18:28:08 0 [Note] InnoDB: Waiting for purge to start
2020-11-11 18:28:08 0 [Note] InnoDB: Waiting for purge to start
2020-11-11 18:28:08 0 [Note] InnoDB: 10.4.14 started; log sequence number 305213; transaction id 221
2020-11-11 18:28:08 0 [Note] InnoDB: Loading buffer pool(s) from C:\xampp\mysql\data\ib_buffer_pool
2020-11-11 18:28:08 0 [Note] Plugin 'FEEDBACK' is disabled.
2020-11-11 18:28:08 0 [Note] Server socket created on IP: '::'.
InnoDB: using atomic writes.
2020-11-11 18:29:30 0 [Note] InnoDB: Mutexes and rw_locks use Windows interlocked functions
2020-11-11 18:29:30 0 [Note] InnoDB: Uses event mutexes
2020-11-11 18:29:30 0 [Note] InnoDB: Compressed tables use zlib 1.2.11
2020-11-11 18:29:30 0 [Note] InnoDB: Number of pools: 1
2020-11-11 18:29:30 0 [Note] InnoDB: Using SSE2 crc32 instructions
2020-11-11 18:29:30 0 [Note] InnoDB: Initializing buffer pool, total size = 16M, instances = 1, chunk size = 16M
2020-11-11 18:29:30 0 [Note] InnoDB: Completed initialization of buffer pool
2020-11-11 18:29:30 0 [Note] InnoDB: Starting crash recovery from checkpoint LSN=305222
2020-11-11 18:29:31 0 [Note] InnoDB: 128 out of 128 rollback segments are active.
2020-11-11 18:29:31 0 [Note] InnoDB: Removed temporary tablespace data file: "ibtmp1"
2020-11-11 18:29:31 0 [Note] InnoDB: Creating shared tablespace for temporary tables
2020-11-11 18:29:31 0 [Note] InnoDB: Setting file 'C:\xampp\mysql\data\ibtmp1' size to 12 MB. Physically writing the file full; Please wait ...
2020-11-11 18:29:31 0 [Note] InnoDB: File 'C:\xampp\mysql\data\ibtmp1' size is now 12 MB.
2020-11-11 18:29:31 0 [Note] InnoDB: Waiting for purge to start
2020-11-11 18:29:31 0 [Note] InnoDB: 10.4.14 started; log sequence number 305231; transaction id 221
2020-11-11 18:29:31 0 [Note] InnoDB: Loading buffer pool(s) from C:\xampp\mysql\data\ib_buffer_pool
2020-11-11 18:29:31 0 [Note] Plugin 'FEEDBACK' is disabled.
2020-11-11 18:29:31 0 [Note] Server socket created on IP: '::'.
InnoDB: using atomic writes.
2020-11-13 17:38:11 0 [Note] InnoDB: Mutexes and rw_locks use Windows interlocked functions
2020-11-13 17:38:11 0 [Note] InnoDB: Uses event mutexes
2020-11-13 17:38:11 0 [Note] InnoDB: Compressed tables use zlib 1.2.11
2020-11-13 17:38:11 0 [Note] InnoDB: Number of pools: 1
2020-11-13 17:38:11 0 [Note] InnoDB: Using SSE2 crc32 instructions
2020-11-13 17:38:11 0 [Note] InnoDB: Initializing buffer pool, total size = 16M, instances = 1, chunk size = 16M
2020-11-13 17:38:11 0 [Note] InnoDB: Completed initialization of buffer pool
2020-11-13 17:38:11 0 [Note] InnoDB: Starting crash recovery from checkpoint LSN=305557
2020-11-13 17:38:11 0 [Note] InnoDB: 128 out of 128 rollback segments are active.
2020-11-13 17:38:11 0 [Note] InnoDB: Removed temporary tablespace data file: "ibtmp1"
2020-11-13 17:38:11 0 [Note] InnoDB: Creating shared tablespace for temporary tables
2020-11-13 17:38:11 0 [Note] InnoDB: Setting file 'C:\xampp\mysql\data\ibtmp1' size to 12 MB. Physically writing the file full; Please wait ...
2020-11-13 17:38:11 0 [Note] InnoDB: File 'C:\xampp\mysql\data\ibtmp1' size is now 12 MB.
2020-11-13 17:38:11 0 [Note] InnoDB: Waiting for purge to start
2020-11-13 17:38:11 0 [Note] InnoDB: 10.4.14 started; log sequence number 305566; transaction id 245
2020-11-13 17:38:11 0 [Note] InnoDB: Loading buffer pool(s) from C:\xampp\mysql\data\ib_buffer_pool
2020-11-13 17:38:11 0 [Note] Plugin 'FEEDBACK' is disabled.
2020-11-13 17:38:11 0 [Note] InnoDB: Buffer pool(s) load completed at 201113 17:38:11
2020-11-13 17:38:11 0 [Note] Server socket created on IP: '::'.
InnoDB: using atomic writes.
2020-11-14 11:09:32 0 [Note] InnoDB: Mutexes and rw_locks use Windows interlocked functions
2020-11-14 11:09:32 0 [Note] InnoDB: Uses event mutexes
2020-11-14 11:09:32 0 [Note] InnoDB: Compressed tables use zlib 1.2.11
2020-11-14 11:09:32 0 [Note] InnoDB: Number of pools: 1
2020-11-14 11:09:32 0 [Note] InnoDB: Using SSE2 crc32 instructions
2020-11-14 11:09:32 0 [Note] InnoDB: Initializing buffer pool, total size = 16M, instances = 1, chunk size = 16M
2020-11-14 11:09:32 0 [Note] InnoDB: Completed initialization of buffer pool
2020-11-14 11:09:32 0 [Note] InnoDB: Starting crash recovery from checkpoint LSN=348837
2020-11-14 11:09:33 0 [Note] InnoDB: 128 out of 128 rollback segments are active.
2020-11-14 11:09:33 0 [Note] InnoDB: Removed temporary tablespace data file: "ibtmp1"
2020-11-14 11:09:33 0 [Note] InnoDB: Creating shared tablespace for temporary tables
2020-11-14 11:09:33 0 [Note] InnoDB: Setting file 'C:\xampp\mysql\data\ibtmp1' size to 12 MB. Physically writing the file full; Please wait ...
2020-11-14 11:09:33 0 [Note] InnoDB: File 'C:\xampp\mysql\data\ibtmp1' size is now 12 MB.
2020-11-14 11:09:33 0 [Note] InnoDB: Waiting for purge to start
2020-11-14 11:09:33 0 [Note] InnoDB: 10.4.14 started; log sequence number 348846; transaction id 371
2020-11-14 11:09:33 0 [Note] InnoDB: Loading buffer pool(s) from C:\xampp\mysql\data\ib_buffer_pool
2020-11-14 11:09:33 0 [Note] Plugin 'FEEDBACK' is disabled.
2020-11-14 11:09:33 0 [Note] InnoDB: Buffer pool(s) load completed at 201114 11:09:33
2020-11-14 11:09:33 0 [Note] Server socket created on IP: '::'.
InnoDB: using atomic writes.
2020-11-15 10:49:31 0 [Note] InnoDB: Mutexes and rw_locks use Windows interlocked functions
2020-11-15 10:49:31 0 [Note] InnoDB: Uses event mutexes
2020-11-15 10:49:31 0 [Note] InnoDB: Compressed tables use zlib 1.2.11
2020-11-15 10:49:31 0 [Note] InnoDB: Number of pools: 1
2020-11-15 10:49:31 0 [Note] InnoDB: Using SSE2 crc32 instructions
2020-11-15 10:49:31 0 [Note] InnoDB: Initializing buffer pool, total size = 16M, instances = 1, chunk size = 16M
2020-11-15 10:49:31 0 [Note] InnoDB: Completed initialization of buffer pool
2020-11-15 10:49:31 0 [Note] InnoDB: Starting crash recovery from checkpoint LSN=493597
2020-11-15 10:49:32 0 [Note] InnoDB: 128 out of 128 rollback segments are active.
2020-11-15 10:49:32 0 [Note] InnoDB: Removed temporary tablespace data file: "ibtmp1"
2020-11-15 10:49:32 0 [Note] InnoDB: Creating shared tablespace for temporary tables
2020-11-15 10:49:32 0 [Note] InnoDB: Setting file 'C:\xampp\mysql\data\ibtmp1' size to 12 MB. Physically writing the file full; Please wait ...
2020-11-15 10:49:32 0 [Note] InnoDB: File 'C:\xampp\mysql\data\ibtmp1' size is now 12 MB.
2020-11-15 10:49:32 0 [Note] InnoDB: Waiting for purge to start
2020-11-15 10:49:32 0 [Note] InnoDB: 10.4.14 started; log sequence number 493606; transaction id 714
2020-11-15 10:49:32 0 [Note] InnoDB: Loading buffer pool(s) from C:\xampp\mysql\data\ib_buffer_pool
2020-11-15 10:49:32 0 [Note] Plugin 'FEEDBACK' is disabled.
2020-11-15 10:49:32 0 [Note] InnoDB: Buffer pool(s) load completed at 201115 10:49:32
2020-11-15 10:49:32 0 [Note] Server socket created on IP: '::'.
InnoDB: using atomic writes.
2020-11-17 18:52:39 0 [Note] InnoDB: Mutexes and rw_locks use Windows interlocked functions
2020-11-17 18:52:39 0 [Note] InnoDB: Uses event mutexes
2020-11-17 18:52:39 0 [Note] InnoDB: Compressed tables use zlib 1.2.11
2020-11-17 18:52:39 0 [Note] InnoDB: Number of pools: 1
2020-11-17 18:52:39 0 [Note] InnoDB: Using SSE2 crc32 instructions
2020-11-17 18:52:39 0 [Note] InnoDB: Initializing buffer pool, total size = 16M, instances = 1, chunk size = 16M
2020-11-17 18:52:39 0 [Note] InnoDB: Completed initialization of buffer pool
2020-11-17 18:52:39 0 [Note] InnoDB: Starting crash recovery from checkpoint LSN=603218
2020-11-17 18:52:40 0 [Note] InnoDB: 128 out of 128 rollback segments are active.
2020-11-17 18:52:40 0 [Note] InnoDB: Removed temporary tablespace data file: "ibtmp1"
2020-11-17 18:52:40 0 [Note] InnoDB: Creating shared tablespace for temporary tables
2020-11-17 18:52:40 0 [Note] InnoDB: Setting file 'C:\xampp\mysql\data\ibtmp1' size to 12 MB. Physically writing the file full; Please wait ...
2020-11-17 18:52:40 0 [Note] InnoDB: File 'C:\xampp\mysql\data\ibtmp1' size is now 12 MB.
2020-11-17 18:52:40 0 [Note] InnoDB: Waiting for purge to start
2020-11-17 18:52:40 0 [Note] InnoDB: 10.4.14 started; log sequence number 603227; transaction id 1091
2020-11-17 18:52:40 0 [Note] InnoDB: Loading buffer pool(s) from C:\xampp\mysql\data\ib_buffer_pool
2020-11-17 18:52:40 0 [Note] Plugin 'FEEDBACK' is disabled.
2020-11-17 18:52:40 0 [Note] InnoDB: Buffer pool(s) load completed at 201117 18:52:40
2020-11-17 18:52:40 0 [Note] Server socket created on IP: '::'.
InnoDB: using atomic writes.
2020-11-18 17:52:23 0 [Note] InnoDB: Mutexes and rw_locks use Windows interlocked functions
2020-11-18 17:52:23 0 [Note] InnoDB: Uses event mutexes
2020-11-18 17:52:23 0 [Note] InnoDB: Compressed tables use zlib 1.2.11
2020-11-18 17:52:23 0 [Note] InnoDB: Number of pools: 1
2020-11-18 17:52:23 0 [Note] InnoDB: Using SSE2 crc32 instructions
2020-11-18 17:52:23 0 [Note] InnoDB: Initializing buffer pool, total size = 16M, instances = 1, chunk size = 16M
2020-11-18 17:52:23 0 [Note] InnoDB: Completed initialization of buffer pool
2020-11-18 17:52:23 0 [Note] InnoDB: Starting crash recovery from checkpoint LSN=603236
2020-11-18 17:52:24 0 [Note] InnoDB: 128 out of 128 rollback segments are active.
2020-11-18 17:52:24 0 [Note] InnoDB: Removed temporary tablespace data file: "ibtmp1"
2020-11-18 17:52:24 0 [Note] InnoDB: Creating shared tablespace for temporary tables
2020-11-18 17:52:24 0 [Note] InnoDB: Setting file 'C:\xampp\mysql\data\ibtmp1' size to 12 MB. Physically writing the file full; Please wait ...
2020-11-18 17:52:24 0 [Note] InnoDB: File 'C:\xampp\mysql\data\ibtmp1' size is now 12 MB.
2020-11-18 17:52:24 0 [Note] InnoDB: Waiting for purge to start
2020-11-18 17:52:24 0 [Note] InnoDB: 10.4.14 started; log sequence number 603245; transaction id 1091
2020-11-18 17:52:24 0 [Note] InnoDB: Loading buffer pool(s) from C:\xampp\mysql\data\ib_buffer_pool
2020-11-18 17:52:24 0 [Note] Plugin 'FEEDBACK' is disabled.
2020-11-18 17:52:24 0 [Note] InnoDB: Buffer pool(s) load completed at 201118 17:52:24
2020-11-18 17:52:24 0 [Note] Server socket created on IP: '::'.
InnoDB: using atomic writes.
2020-11-18 21:15:00 0 [Note] InnoDB: Mutexes and rw_locks use Windows interlocked functions
2020-11-18 21:15:00 0 [Note] InnoDB: Uses event mutexes
2020-11-18 21:15:00 0 [Note] InnoDB: Compressed tables use zlib 1.2.11
2020-11-18 21:15:00 0 [Note] InnoDB: Number of pools: 1
2020-11-18 21:15:00 0 [Note] InnoDB: Using SSE2 crc32 instructions
2020-11-18 21:15:00 0 [Note] InnoDB: Initializing buffer pool, total size = 16M, instances = 1, chunk size = 16M
2020-11-18 21:15:00 0 [Note] InnoDB: Completed initialization of buffer pool
2020-11-18 21:15:00 0 [Note] InnoDB: Starting crash recovery from checkpoint LSN=603254
2020-11-18 21:15:00 0 [Note] InnoDB: 128 out of 128 rollback segments are active.
2020-11-18 21:15:01 0 [Note] InnoDB: Removed temporary tablespace data file: "ibtmp1"
2020-11-18 21:15:01 0 [Note] InnoDB: Creating shared tablespace for temporary tables
2020-11-18 21:15:01 0 [Note] InnoDB: Setting file 'C:\xampp\mysql\data\ibtmp1' size to 12 MB. Physically writing the file full; Please wait ...
2020-11-18 21:15:01 0 [Note] InnoDB: File 'C:\xampp\mysql\data\ibtmp1' size is now 12 MB.
2020-11-18 21:15:01 0 [Note] InnoDB: Waiting for purge to start
2020-11-18 21:15:01 0 [Note] InnoDB: 10.4.14 started; log sequence number 603263; transaction id 1091
2020-11-18 21:15:01 0 [Note] InnoDB: Loading buffer pool(s) from C:\xampp\mysql\data\ib_buffer_pool
2020-11-18 21:15:01 0 [Note] Plugin 'FEEDBACK' is disabled.
2020-11-18 21:15:01 0 [Note] Server socket created on IP: '::'.
InnoDB: using atomic writes.
2020-11-20 18:41:47 0 [Note] InnoDB: Mutexes and rw_locks use Windows interlocked functions
2020-11-20 18:41:47 0 [Note] InnoDB: Uses event mutexes
2020-11-20 18:41:47 0 [Note] InnoDB: Compressed tables use zlib 1.2.11
2020-11-20 18:41:47 0 [Note] InnoDB: Number of pools: 1
2020-11-20 18:41:47 0 [Note] InnoDB: Using SSE2 crc32 instructions
2020-11-20 18:41:47 0 [Note] InnoDB: Initializing buffer pool, total size = 16M, instances = 1, chunk size = 16M
2020-11-20 18:41:47 0 [Note] InnoDB: Completed initialization of buffer pool
2020-11-20 18:41:48 0 [Note] InnoDB: Starting crash recovery from checkpoint LSN=603272
2020-11-20 18:41:48 0 [Note] InnoDB: 128 out of 128 rollback segments are active.
2020-11-20 18:41:48 0 [Note] InnoDB: Removed temporary tablespace data file: "ibtmp1"
2020-11-20 18:41:48 0 [Note] InnoDB: Creating shared tablespace for temporary tables
2020-11-20 18:41:48 0 [Note] InnoDB: Setting file 'C:\xampp\mysql\data\ibtmp1' size to 12 MB. Physically writing the file full; Please wait ...
2020-11-20 18:41:48 0 [Note] InnoDB: File 'C:\xampp\mysql\data\ibtmp1' size is now 12 MB.
2020-11-20 18:41:48 0 [Note] InnoDB: Waiting for purge to start
2020-11-20 18:41:48 0 [Note] InnoDB: 10.4.14 started; log sequence number 603281; transaction id 1091
2020-11-20 18:41:48 0 [Note] InnoDB: Loading buffer pool(s) from C:\xampp\mysql\data\ib_buffer_pool
2020-11-20 18:41:48 0 [Note] Plugin 'FEEDBACK' is disabled.
2020-11-20 18:41:48 0 [Note] InnoDB: Buffer pool(s) load completed at 201120 18:41:48
2020-11-20 18:41:48 0 [Note] Server socket created on IP: '::'.
InnoDB: using atomic writes.
2020-11-23 18:59:54 0 [Note] InnoDB: Mutexes and rw_locks use Windows interlocked functions
2020-11-23 18:59:54 0 [Note] InnoDB: Uses event mutexes
2020-11-23 18:59:54 0 [Note] InnoDB: Compressed tables use zlib 1.2.11
2020-11-23 18:59:54 0 [Note] InnoDB: Number of pools: 1
2020-11-23 18:59:54 0 [Note] InnoDB: Using SSE2 crc32 instructions
2020-11-23 18:59:54 0 [Note] InnoDB: Initializing buffer pool, total size = 16M, instances = 1, chunk size = 16M
2020-11-23 18:59:54 0 [Note] InnoDB: Completed initialization of buffer pool
2020-11-23 18:59:54 0 [Note] InnoDB: Starting crash recovery from checkpoint LSN=709352
2020-11-23 18:59:54 0 [Note] InnoDB: 128 out of 128 rollback segments are active.
2020-11-23 18:59:54 0 [Note] InnoDB: Removed temporary tablespace data file: "ibtmp1"
2020-11-23 18:59:54 0 [Note] InnoDB: Creating shared tablespace for temporary tables
2020-11-23 18:59:54 0 [Note] InnoDB: Setting file 'C:\xampp\mysql\data\ibtmp1' size to 12 MB. Physically writing the file full; Please wait ...
2020-11-23 18:59:54 0 [Note] InnoDB: File 'C:\xampp\mysql\data\ibtmp1' size is now 12 MB.
2020-11-23 18:59:54 0 [Note] InnoDB: Waiting for purge to start
2020-11-23 18:59:54 0 [Note] InnoDB: Waiting for purge to start
2020-11-23 18:59:55 0 [Note] InnoDB: Waiting for purge to start
2020-11-23 18:59:55 0 [Note] InnoDB: 10.4.14 started; log sequence number 709361; transaction id 1484
2020-11-23 18:59:55 0 [Note] InnoDB: Loading buffer pool(s) from C:\xampp\mysql\data\ib_buffer_pool
2020-11-23 18:59:55 0 [Note] InnoDB: Buffer pool(s) load completed at 201123 18:59:55
2020-11-23 18:59:55 0 [Note] Plugin 'FEEDBACK' is disabled.
2020-11-23 18:59:55 0 [Note] Server socket created on IP: '::'.
InnoDB: using atomic writes.
2020-11-24 17:53:45 0 [Note] InnoDB: Mutexes and rw_locks use Windows interlocked functions
2020-11-24 17:53:45 0 [Note] InnoDB: Uses event mutexes
2020-11-24 17:53:45 0 [Note] InnoDB: Compressed tables use zlib 1.2.11
2020-11-24 17:53:45 0 [Note] InnoDB: Number of pools: 1
2020-11-24 17:53:45 0 [Note] InnoDB: Using SSE2 crc32 instructions
2020-11-24 17:53:45 0 [Note] InnoDB: Initializing buffer pool, total size = 16M, instances = 1, chunk size = 16M
2020-11-24 17:53:45 0 [Note] InnoDB: Completed initialization of buffer pool
2020-11-24 17:53:45 0 [Note] InnoDB: Starting crash recovery from checkpoint LSN=710528
2020-11-24 17:53:46 0 [Note] InnoDB: 128 out of 128 rollback segments are active.
2020-11-24 17:53:46 0 [Note] InnoDB: Removed temporary tablespace data file: "ibtmp1"
2020-11-24 17:53:46 0 [Note] InnoDB: Creating shared tablespace for temporary tables
2020-11-24 17:53:46 0 [Note] InnoDB: Setting file 'C:\xampp\mysql\data\ibtmp1' size to 12 MB. Physically writing the file full; Please wait ...
2020-11-24 17:53:46 0 [Note] InnoDB: File 'C:\xampp\mysql\data\ibtmp1' size is now 12 MB.
2020-11-24 17:53:46 0 [Note] InnoDB: Waiting for purge to start
2020-11-24 17:53:46 0 [Note] InnoDB: Waiting for purge to start
2020-11-24 17:53:46 0 [Note] InnoDB: Waiting for purge to start
2020-11-24 17:53:46 0 [Note] InnoDB: Waiting for purge to start
2020-11-24 17:53:47 0 [Note] InnoDB: 10.4.14 started; log sequence number 710537; transaction id 1513
2020-11-24 17:53:47 0 [Note] InnoDB: Loading buffer pool(s) from C:\xampp\mysql\data\ib_buffer_pool
2020-11-24 17:53:47 0 [Note] InnoDB: Buffer pool(s) load completed at 201124 17:53:47
2020-11-24 17:53:47 0 [Note] Plugin 'FEEDBACK' is disabled.
2020-11-24 17:53:47 0 [Note] Server socket created on IP: '::'.
InnoDB: using atomic writes.
2020-11-24 20:02:04 0 [Note] InnoDB: Mutexes and rw_locks use Windows interlocked functions
2020-11-24 20:02:04 0 [Note] InnoDB: Uses event mutexes
2020-11-24 20:02:04 0 [Note] InnoDB: Compressed tables use zlib 1.2.11
2020-11-24 20:02:04 0 [Note] InnoDB: Number of pools: 1
2020-11-24 20:02:04 0 [Note] InnoDB: Using SSE2 crc32 instructions
2020-11-24 20:02:04 0 [Note] InnoDB: Initializing buffer pool, total size = 16M, instances = 1, chunk size = 16M
2020-11-24 20:02:04 0 [Note] InnoDB: Completed initialization of buffer pool
2020-11-24 20:02:04 0 [Note] InnoDB: Starting crash recovery from checkpoint LSN=710863
2020-11-24 20:02:06 0 [Note] InnoDB: 128 out of 128 rollback segments are active.
2020-11-24 20:02:06 0 [Note] InnoDB: Removed temporary tablespace data file: "ibtmp1"
2020-11-24 20:02:06 0 [Note] InnoDB: Creating shared tablespace for temporary tables
2020-11-24 20:02:06 0 [Note] InnoDB: Setting file 'C:\xampp\mysql\data\ibtmp1' size to 12 MB. Physically writing the file full; Please wait ...
2020-11-24 20:02:06 0 [Note] InnoDB: File 'C:\xampp\mysql\data\ibtmp1' size is now 12 MB.
2020-11-24 20:02:06 0 [Note] InnoDB: Waiting for purge to start
2020-11-24 20:02:06 0 [Note] InnoDB: 10.4.14 started; log sequence number 710872; transaction id 1540
2020-11-24 20:02:06 0 [Note] InnoDB: Loading buffer pool(s) from C:\xampp\mysql\data\ib_buffer_pool
2020-11-24 20:02:06 0 [Note] Plugin 'FEEDBACK' is disabled.
2020-11-24 20:02:06 0 [Note] InnoDB: Buffer pool(s) load completed at 201124 20:02:06
2020-11-24 20:02:06 0 [Note] Server socket created on IP: '::'.
InnoDB: using atomic writes.
2020-11-25 19:26:03 0 [Note] InnoDB: Mutexes and rw_locks use Windows interlocked functions
2020-11-25 19:26:03 0 [Note] InnoDB: Uses event mutexes
2020-11-25 19:26:03 0 [Note] InnoDB: Compressed tables use zlib 1.2.11
2020-11-25 19:26:03 0 [Note] InnoDB: Number of pools: 1
2020-11-25 19:26:03 0 [Note] InnoDB: Using SSE2 crc32 instructions
2020-11-25 19:26:03 0 [Note] InnoDB: Initializing buffer pool, total size = 16M, instances = 1, chunk size = 16M
2020-11-25 19:26:03 0 [Note] InnoDB: Completed initialization of buffer pool
2020-11-25 19:26:03 0 [Note] InnoDB: Starting crash recovery from checkpoint LSN=710881
2020-11-25 19:26:04 0 [Note] InnoDB: 128 out of 128 rollback segments are active.
2020-11-25 19:26:04 0 [Note] InnoDB: Removed temporary tablespace data file: "ibtmp1"
2020-11-25 19:26:04 0 [Note] InnoDB: Creating shared tablespace for temporary tables
2020-11-25 19:26:04 0 [Note] InnoDB: Setting file 'C:\xampp\mysql\data\ibtmp1' size to 12 MB. Physically writing the file full; Please wait ...
2020-11-25 19:26:04 0 [Note] InnoDB: File 'C:\xampp\mysql\data\ibtmp1' size is now 12 MB.
2020-11-25 19:26:04 0 [Note] InnoDB: Waiting for purge to start
2020-11-25 19:26:04 0 [Note] InnoDB: 10.4.14 started; log sequence number 710890; transaction id 1540
2020-11-25 19:26:04 0 [Note] InnoDB: Loading buffer pool(s) from C:\xampp\mysql\data\ib_buffer_pool
2020-11-25 19:26:04 0 [Note] Plugin 'FEEDBACK' is disabled.
2020-11-25 19:26:04 0 [Note] Server socket created on IP: '::'.
InnoDB: using atomic writes.
2020-11-26 19:10:24 0 [Note] InnoDB: Mutexes and rw_locks use Windows interlocked functions
2020-11-26 19:10:24 0 [Note] InnoDB: Uses event mutexes
2020-11-26 19:10:24 0 [Note] InnoDB: Compressed tables use zlib 1.2.11
2020-11-26 19:10:24 0 [Note] InnoDB: Number of pools: 1
2020-11-26 19:10:24 0 [Note] InnoDB: Using SSE2 crc32 instructions
2020-11-26 19:10:24 0 [Note] InnoDB: Initializing buffer pool, total size = 16M, instances = 1, chunk size = 16M
2020-11-26 19:10:24 0 [Note] InnoDB: Completed initialization of buffer pool
2020-11-26 19:10:24 0 [Note] InnoDB: Starting crash recovery from checkpoint LSN=710899
2020-11-26 19:10:27 0 [Note] InnoDB: 128 out of 128 rollback segments are active.
2020-11-26 19:10:27 0 [Note] InnoDB: Removed temporary tablespace data file: "ibtmp1"
2020-11-26 19:10:27 0 [Note] InnoDB: Creating shared tablespace for temporary tables
2020-11-26 19:10:27 0 [Note] InnoDB: Setting file 'C:\xampp\mysql\data\ibtmp1' size to 12 MB. Physically writing the file full; Please wait ...
2020-11-26 19:10:27 0 [Note] InnoDB: File 'C:\xampp\mysql\data\ibtmp1' size is now 12 MB.
2020-11-26 19:10:27 0 [Note] InnoDB: Waiting for purge to start
2020-11-26 19:10:27 0 [Note] InnoDB: 10.4.14 started; log sequence number 710908; transaction id 1540
2020-11-26 19:10:27 0 [Note] InnoDB: Loading buffer pool(s) from C:\xampp\mysql\data\ib_buffer_pool
2020-11-26 19:10:27 0 [Note] Plugin 'FEEDBACK' is disabled.
2020-11-26 19:10:27 0 [Note] Server socket created on IP: '::'.
InnoDB: using atomic writes.
2020-11-27 16:12:46 0 [Note] InnoDB: Mutexes and rw_locks use Windows interlocked functions
2020-11-27 16:12:46 0 [Note] InnoDB: Uses event mutexes
2020-11-27 16:12:46 0 [Note] InnoDB: Compressed tables use zlib 1.2.11
2020-11-27 16:12:46 0 [Note] InnoDB: Number of pools: 1
2020-11-27 16:12:46 0 [Note] InnoDB: Using SSE2 crc32 instructions
2020-11-27 16:12:46 0 [Note] InnoDB: Initializing buffer pool, total size = 16M, instances = 1, chunk size = 16M
2020-11-27 16:12:46 0 [Note] InnoDB: Completed initialization of buffer pool
2020-11-27 16:12:47 0 [Note] InnoDB: Starting crash recovery from checkpoint LSN=710917
2020-11-27 16:12:47 0 [Note] InnoDB: 128 out of 128 rollback segments are active.
2020-11-27 16:12:47 0 [Note] InnoDB: Removed temporary tablespace data file: "ibtmp1"
2020-11-27 16:12:47 0 [Note] InnoDB: Creating shared tablespace for temporary tables
2020-11-27 16:12:47 0 [Note] InnoDB: Setting file 'C:\xampp\mysql\data\ibtmp1' size to 12 MB. Physically writing the file full; Please wait ...
2020-11-27 16:12:47 0 [Note] InnoDB: File 'C:\xampp\mysql\data\ibtmp1' size is now 12 MB.
2020-11-27 16:12:47 0 [Note] InnoDB: Waiting for purge to start
2020-11-27 16:12:48 0 [Note] InnoDB: Waiting for purge to start
2020-11-27 16:12:48 0 [Note] InnoDB: Waiting for purge to start
2020-11-27 16:12:48 0 [Note] InnoDB: Waiting for purge to start
2020-11-27 16:12:48 0 [Note] InnoDB: Waiting for purge to start
2020-11-27 16:12:48 0 [Note] InnoDB: 10.4.14 started; log sequence number 710926; transaction id 1540
2020-11-27 16:12:48 0 [Note] InnoDB: Loading buffer pool(s) from C:\xampp\mysql\data\ib_buffer_pool
2020-11-27 16:12:48 0 [Note] Plugin 'FEEDBACK' is disabled.
2020-11-27 16:12:48 0 [Note] InnoDB: Buffer pool(s) load completed at 201127 16:12:48
2020-11-27 16:12:48 0 [Note] Server socket created on IP: '::'.
